<?xml version="1.0" encoding="UTF-8"?>
<testng-results ignored="0" total="1" passed="1" failed="0" skipped="0">
  <reporter-output>
  </reporter-output>
  <suite started-at="2026-06-11T11:56:13 IST" name="Default suite" finished-at="2026-06-11T11:56:25 IST" duration-ms="11250">
    <groups>
    </groups>
    <test started-at="2026-06-11T11:56:13 IST" name="Default test" finished-at="2026-06-11T11:56:25 IST" duration-ms="11250">
      <class name="tests.FlightBookingTest">
        <test-method is-config="true" signature="setup(java.lang.reflect.Method)[pri:0, instance:tests.FlightBookingTest@e3b3b2f]" started-at="2026-06-11T11:56:15 IST" name="setup" finished-at="2026-06-11T11:56:20 IST" duration-ms="4845" status="PASS">
          <params>
            <param index="0">
              <value>
                <![CDATA[public void tests.FlightBookingTest.bookFlight(java.lang.String,java.lang.String,java.lang.String,java.lang.String,java.lang.String,java.lang.String,java.lang.String,java.lang.String,java.lang.String,java.lang.String,java.lang.String,java.lang.String)]]>
              </value>
            </param>
          </params>
          <reporter-output>
          </reporter-output>
        </test-method> <!-- setup -->
        <test-method signature="bookFlight(java.lang.String,java.lang.String,java.lang.String,java.lang.String,java.lang.String,java.lang.String,java.lang.String,java.lang.String,java.lang.String,java.lang.String,java.lang.String,java.lang.String)[pri:0, instance:tests.FlightBookingTest@e3b3b2f]" started-at="2026-06-11T11:56:20 IST" name="bookFlight" data-provider="bookingData" finished-at="2026-06-11T11:56:24 IST" duration-ms="4530" status="PASS">
          <params>
            <param index="0">
              <value>
                <![CDATA[Boston]]>
              </value>
            </param>
            <param index="1">
              <value>
                <![CDATA[Rome]]>
              </value>
            </param>
            <param index="2">
              <value>
                <![CDATA[Kashif]]>
              </value>
            </param>
            <param index="3">
              <value>
                <![CDATA[Delhi]]>
              </value>
            </param>
            <param index="4">
              <value>
                <![CDATA[Delhi]]>
              </value>
            </param>
            <param index="5">
              <value>
                <![CDATA[Delhi]]>
              </value>
            </param>
            <param index="6">
              <value>
                <![CDATA[110001.0]]>
              </value>
            </param>
            <param index="7">
              <value>
                <![CDATA[American Express]]>
              </value>
            </param>
            <param index="8">
              <value>
                <![CDATA[41111111111]]>
              </value>
            </param>
            <param index="9">
              <value>
                <![CDATA[11.0]]>
              </value>
            </param>
            <param index="10">
              <value>
                <![CDATA[2027.0]]>
              </value>
            </param>
            <param index="11">
              <value>
                <![CDATA[Kashif]]>
              </value>
            </param>
          </params>
          <reporter-output>
          </reporter-output>
        </test-method> <!-- bookFlight -->
        <test-method is-config="true" signature="tearDown(org.testng.ITestResult)[pri:0, instance:tests.FlightBookingTest@e3b3b2f]" started-at="2026-06-11T11:56:24 IST" name="tearDown" finished-at="2026-06-11T11:56:25 IST" duration-ms="445" status="PASS">
          <params>
            <param index="0">
              <value>
                <![CDATA[[TestResult name=bookFlight status=SUCCESS method=FlightBookingTest.bookFlight(java.lang.String,java.lang.String,java.lang.String,java.lang.String,java.lang.String,java.lang.String,java.lang.String,java.lang.String,java.lang.String,java.lang.String,java.lang.String,java.lang.String)[pri:0, instance:tests.FlightBookingTest@e3b3b2f] output={null}]]]>
              </value>
            </param>
          </params>
          <reporter-output>
          </reporter-output>
        </test-method> <!-- tearDown -->
        <test-method is-config="true" signature="flushReport()[pri:0, instance:tests.FlightBookingTest@e3b3b2f]" started-at="2026-06-11T11:56:25 IST" name="flushReport" finished-at="2026-06-11T11:56:25 IST" duration-ms="456" status="PASS">
          <reporter-output>
          </reporter-output>
        </test-method> <!-- flushReport -->
      </class> <!-- tests.FlightBookingTest -->
    </test> <!-- Default test -->
  </suite> <!-- Default suite -->
</testng-results>
